<?xml version="1.0" encoding="UTF-8"?>
<testsuite xmlns:xsi="http://www.w3.org/2001/XMLSchema-instance" xsi:noNamespaceSchemaLocation="https://maven.apache.org/surefire/maven-surefire-plugin/xsd/surefire-test-report-3.0.xsd" version="3.0" name="cucumberOptions.TestNGTestRunner" time="15.799" tests="1" errors="0" skipped="0" failures="0">
  <properties>
[...]
</properties>
  <testcase name="runScenario[&quot;Search Experience for product search in both home and offers page.&quot;, &quot;Search and Place the order of Products&quot;](1)" classname="cucumberOptions.TestNGTestRunner" time="14.104">
    <system-out><![CDATA[
Scenario: Search Experience for product search in both home and offers page.      # src/test/java/features/searchProduct.feature:4
  Given User is on Greencart landing page                                         # stepDefinition.landingPage.user_is_on_greencart_landing_page()
Tomato
  When when user search with a short name like "tom"                              # stepDefinition.landingPage.when_user_search_with_a_short_name_like_something(java.lang.String)
Tomato
  Then same result should be displayed when user search with "tom" on offers page # stepDefinition.offersPage.same_result_should_be_displayed_when_user_search_with_something_on_offers_page(java.lang.String)
]]></system-out>
    <system-err><![CDATA[SLF4J: Failed to load class "org.slf4j.impl.StaticLoggerBinder".
SLF4J: Defaulting to no-operation (NOP) logger implementation
SLF4J: See http://www.slf4j.org/codes.html#StaticLoggerBinder for further details.
Starting ChromeDriver 103.0.5060.134 (8ec6fce403b3feb0869b0732eda8bd95011d333c-refs/branch-heads/5060@{#1262}) on port 64899
Only local connections are allowed.
Please see https://chromedriver.chromium.org/security-considerations for suggestions on keeping ChromeDriver safe.
ChromeDriver was started successfully.
Aug 04, 2022 5:25:41 PM org.openqa.selenium.remote.ProtocolHandshake createSession
INFO: Detected upstream dialect: W3C
Aug 04, 2022 5:25:42 PM org.openqa.selenium.devtools.CdpVersionFinder findNearestMatch
INFO: Found exact CDP implementation for version 103
]]></system-err>
  </testcase>
</testsuite>